#
# There is insufficient memory for the Java Runtime Environment to continue.
# Native memory allocation (mmap) failed to map 132120576 bytes for G1 virtual space
# Possible reasons:
#   The system is out of physical RAM or swap space
#   The process is running with CompressedOops enabled, and the Java Heap may be blocking the growth of the native heap
# Possible solutions:
#   Reduce memory load on the system
#   Increase physical memory or swap space
#   Check if swap backing store is full
#   Decrease Java heap size (-Xmx/-Xms)
#   Decrease number of Java threads
#   Decrease Java thread stack sizes (-Xss)
#   Set larger code cache with -XX:ReservedCodeCacheSize=
#   JVM is running with Unscaled Compressed Oops mode in which the Java heap is
#     placed in the first 4GB address space. The Java Heap base address is the
#     maximum limit for the native heap growth. Please use -XX:HeapBaseMinAddress
#     to set the Java Heap base and to place the Java Heap above 4GB virtual address.
# This output file may be truncated or incomplete.
#
#  Out of Memory Error (os_windows.cpp:3552), pid=21492, tid=10664
#
# JRE version:  (17.0.9+11) (build )
# Java VM: Java HotSpot(TM) 64-Bit Server VM (17.0.9+11-LTS-201, mixed mode, sharing, tiered, compressed oops, compressed class ptrs, g1 gc, windows-amd64)
# No core dump will be written. Minidumps are not enabled by default on client versions of Windows
#

---------------  S U M M A R Y ------------

Command Line: org.jetbrains.kotlin.cli.jvm.K2JVMCompiler @C:\Users\Virat\WSApp\node_modules\react-native-safe-area-context\android\build\20240715_7715902230523543637.compiler.options

Host: Intel(R) Core(TM) i5-10210U CPU @ 1.60GHz, 8 cores, 7G,  Windows 11 , 64 bit Build 22621 (10.0.22621.3672)
Time: Mon Jul 15 11:03:26 2024 India Standard Time elapsed time: 0.015923 seconds (0d 0h 0m 0s)

---------------  T H R E A D  ---------------

Current thread (0x00000150517d6a20):  JavaThread "Unknown thread" [_thread_in_vm, id=10664, stack(0x0000000d2f200000,0x0000000d2f300000)]

Stack: [0x0000000d2f200000,0x0000000d2f300000]
Native frames: (J=compiled Java code, j=interpreted, Vv=VM code, C=native code)
V  [jvm.dll+0x678a4a]
V  [jvm.dll+0x7d9cfd]
V  [jvm.dll+0x7db60e]
V  [jvm.dll+0x7dbc73]
V  [jvm.dll+0x245e1f]
V  [jvm.dll+0x6758f9]
V  [jvm.dll+0x66a2a2]
V  [jvm.dll+0x303686]
V  [jvm.dll+0x30ac06]
V  [jvm.dll+0x35a48e]
V  [jvm.dll+0x35a6bf]
V  [jvm.dll+0x2da678]
V  [jvm.dll+0x2db5e4]
V  [jvm.dll+0x7ab6b1]
V  [jvm.dll+0x368041]
V  [jvm.dll+0x78a749]
V  [jvm.dll+0x3ebd4f]
V  [jvm.dll+0x3ed7d1]
C  [jli.dll+0x5297]
C  [ucrtbase.dll+0x29333]
C  [KERNEL32.DLL+0x1257d]
C  [ntdll.dll+0x5af28]


---------------  P R O C E S S  ---------------

Threads class SMR info:
_java_thread_list=0x00007ffa943489d8, length=0, elements={
}

Java Threads: ( => current thread )

Other Threads:
  0x000001505182f0e0 GCTaskThread "GC Thread#0" [stack: 0x0000000d2f300000,0x0000000d2f400000] [id=21244]
  0x0000015051840b40 ConcurrentGCThread "G1 Main Marker" [stack: 0x0000000d2f400000,0x0000000d2f500000] [id=19796]
  0x0000015051841550 ConcurrentGCThread "G1 Conc#0" [stack: 0x0000000d2f500000,0x0000000d2f600000] [id=8136]

[error occurred during error reporting (printing all threads), id 0xc0000005, EXCEPTION_ACCESS_VIOLATION (0xc0000005) at pc=0x00007ffa93b7b2d7]

VM state: not at safepoint (not fully initialized)

VM Mutex/Monitor currently owned by a thread:  ([mutex/lock_event])
[0x00000150517d2f80] Heap_lock - owner thread: 0x00000150517d6a20

Heap address: 0x0000000082800000, size: 2008 MB, Compressed Oops mode: 32-bit

CDS archive(s) mapped at: [0x0000000000000000-0x0000000000000000-0x0000000000000000), size 0, SharedBaseAddress: 0x0000000800000000, ArchiveRelocationMode: 1.
Narrow klass base: 0x0000000000000000, Narrow klass shift: 0, Narrow klass range: 0x0

GC Precious Log:
<Empty>

Heap:
 garbage-first heap   total 0K, used 0K [0x0000000082800000, 0x0000000100000000)
  region size 1024K, 0 young (0K), 0 survivors (0K)

[error occurred during error reporting (printing heap information), id 0xc0000005, EXCEPTION_ACCESS_VIOLATION (0xc0000005) at pc=0x00007ffa93f62229]

GC Heap History (0 events):
No events

Deoptimization events (0 events):
No events

Classes unloaded (0 events):
No events

Classes redefined (0 events):
No events

Internal exceptions (0 events):
No events

VM Operations (0 events):
No events

Events (1 events):
Event: 0.010 Loaded shared library C:\Program Files\Java\jdk-17\bin\java.dll


Dynamic libraries:
0x00007ff7c50b0000 - 0x00007ff7c50c0000 	C:\Program Files\Java\jdk-17\bin\java.exe
0x00007ffb3ac50000 - 0x00007ffb3ae67000 	C:\WINDOWS\SYSTEM32\ntdll.dll
0x00007ffb39480000 - 0x00007ffb39544000 	C:\WINDOWS\System32\KERNEL32.DLL
0x00007ffb38440000 - 0x00007ffb387ed000 	C:\WINDOWS\System32\KERNELBASE.dll
0x00007ffb382f0000 - 0x00007ffb38401000 	C:\WINDOWS\System32\ucrtbase.dll
0x00007ffb28ca0000 - 0x00007ffb28cb9000 	C:\Program Files\Java\jdk-17\bin\jli.dll
0x00007ffb3a0d0000 - 0x00007ffb3a182000 	C:\WINDOWS\System32\ADVAPI32.dll
0x00007ffb26c20000 - 0x00007ffb26c3b000 	C:\Program Files\Java\jdk-17\bin\VCRUNTIME140.dll
0x00007ffb39650000 - 0x00007ffb396f7000 	C:\WINDOWS\System32\msvcrt.dll
0x00007ffb3a780000 - 0x00007ffb3a829000 	C:\WINDOWS\System32\sechost.dll
0x00007ffb38410000 - 0x00007ffb38438000 	C:\WINDOWS\System32\bcrypt.dll
0x00007ffb3a4b0000 - 0x00007ffb3a5c4000 	C:\WINDOWS\System32\RPCRT4.dll
0x00007ffb3a8c0000 - 0x00007ffb3aa6e000 	C:\WINDOWS\System32\USER32.dll
0x00007ffb382c0000 - 0x00007ffb382e6000 	C:\WINDOWS\System32\win32u.dll
0x00007ffb397b0000 - 0x00007ffb397d9000 	C:\WINDOWS\System32\GDI32.dll
0x00007ffb38870000 - 0x00007ffb38989000 	C:\WINDOWS\System32\gdi32full.dll
0x00007ffb380b0000 - 0x00007ffb3814a000 	C:\WINDOWS\System32\msvcp_win.dll
0x00007ffb18990000 - 0x00007ffb18c23000 	C:\WINDOWS\WinSxS\amd64_microsoft.windows.common-controls_6595b64144ccf1df_6.0.22621.3672_none_2713b9d173822955\COMCTL32.dll
0x00007ffb32f30000 - 0x00007ffb32f3a000 	C:\WINDOWS\SYSTEM32\VERSION.dll
0x00007ffb39c10000 - 0x00007ffb39c41000 	C:\WINDOWS\System32\IMM32.DLL
0x00007ffb325e0000 - 0x00007ffb325ec000 	C:\Program Files\Java\jdk-17\bin\vcruntime140_1.dll
0x00007ffb139d0000 - 0x00007ffb13a5e000 	C:\Program Files\Java\jdk-17\bin\msvcp140.dll
0x00007ffa93890000 - 0x00007ffa94471000 	C:\Program Files\Java\jdk-17\bin\server\jvm.dll
0x00007ffb3ac00000 - 0x00007ffb3ac08000 	C:\WINDOWS\System32\PSAPI.DLL
0x00007ffb2fea0000 - 0x00007ffb2fea9000 	C:\WINDOWS\SYSTEM32\WSOCK32.dll
0x00007ffb39b90000 - 0x00007ffb39c01000 	C:\WINDOWS\System32\WS2_32.dll
0x00007ffb33810000 - 0x00007ffb33844000 	C:\WINDOWS\SYSTEM32\WINMM.dll
0x00007ffb36fb0000 - 0x00007ffb36fc8000 	C:\WINDOWS\SYSTEM32\kernel.appcore.dll
0x00007ffb28c90000 - 0x00007ffb28c9a000 	C:\Program Files\Java\jdk-17\bin\jimage.dll
0x00007ffb35860000 - 0x00007ffb35a92000 	C:\WINDOWS\SYSTEM32\DBGHELP.DLL
0x00007ffb397e0000 - 0x00007ffb39b68000 	C:\WINDOWS\System32\combase.dll
0x00007ffb3a2d0000 - 0x00007ffb3a3a7000 	C:\WINDOWS\System32\OLEAUT32.dll
0x00007ffb1b7c0000 - 0x00007ffb1b7f2000 	C:\WINDOWS\SYSTEM32\dbgcore.DLL
0x00007ffb387f0000 - 0x00007ffb3886b000 	C:\WINDOWS\System32\bcryptPrimitives.dll
0x00007ffb139a0000 - 0x00007ffb139c5000 	C:\Program Files\Java\jdk-17\bin\java.dll

dbghelp: loaded successfully - version: 4.0.5 - missing functions: none
symbol engine: initialized successfully - sym options: 0x614 - pdb path: .;C:\Program Files\Java\jdk-17\bin;C:\WINDOWS\SYSTEM32;C:\WINDOWS\WinSxS\amd64_microsoft.windows.common-controls_6595b64144ccf1df_6.0.22621.3672_none_2713b9d173822955;C:\Program Files\Java\jdk-17\bin\server

VM Arguments:
java_command: org.jetbrains.kotlin.cli.jvm.K2JVMCompiler @C:\Users\Virat\WSApp\node_modules\react-native-safe-area-context\android\build\20240715_7715902230523543637.compiler.options
java_class_path (initial): C:\Users\Virat\.gradle\caches\modules-2\files-2.1\org.jetbrains.kotlin\kotlin-compiler-embeddable\1.9.22\9cd4dc7773cf2a99ecd961a88fbbc9a2da3fb5e1\kotlin-compiler-embeddable-1.9.22.jar;C:\Users\Virat\.gradle\caches\modules-2\files-2.1\org.jetbrains.kotlin\kotlin-stdlib\1.9.22\d6c44cd08d8f3f9bece8101216dbe6553365c6e3\kotlin-stdlib-1.9.22.jar;C:\Users\Virat\.gradle\caches\modules-2\files-2.1\org.jetbrains.kotlin\kotlin-script-runtime\1.9.22\f8139a46fc677ec9badc49ae954392f4f5e7e7c7\kotlin-script-runtime-1.9.22.jar;C:\Users\Virat\.gradle\caches\modules-2\files-2.1\org.jetbrains.kotlin\kotlin-reflect\1.6.10\1cbe9c92c12a94eea200d23c2bbaedaf3daf5132\kotlin-reflect-1.6.10.jar;C:\Users\Virat\.gradle\caches\modules-2\files-2.1\org.jetbrains.kotlin\kotlin-daemon-embeddable\1.9.22\20e2c5df715f3240c765cfc222530e2796542021\kotlin-daemon-embeddable-1.9.22.jar;C:\Users\Virat\.gradle\caches\modules-2\files-2.1\org.jetbrains.intellij.deps\trove4j\1.0.20200330\3afb14d5f9ceb459d724e907a21145e8ff394f02\trove4j-1.0.20200330.jar;C:\Users\Virat\.gradle\caches\modules-2\files-2.1\org.jetbrains\annotations\13.0\919f0dfe192fb4e063e7dacadee7f8bb9a2672a9\annotations-13.0.jar
Launcher Type: SUN_STANDARD

[Global flags]
     intx CICompilerCount                          = 4                                         {product} {ergonomic}
     uint ConcGCThreads                            = 2                                         {product} {ergonomic}
     uint G1ConcRefinementThreads                  = 8                                         {product} {ergonomic}
   size_t G1HeapRegionSize                         = 1048576                                   {product} {ergonomic}
    uintx GCDrainStackTargetSize                   = 64                                        {product} {ergonomic}
   size_t InitialHeapSize                          = 132120576                                 {product} {ergonomic}
   size_t MarkStackSize                            = 4194304                                   {product} {ergonomic}
   size_t MaxHeapSize                              = 2105540608                                {product} {ergonomic}
   size_t MinHeapDeltaBytes                        = 1048576                                   {product} {ergonomic}
   size_t MinHeapSize                              = 8388608                                   {product} {ergonomic}
    uintx NonNMethodCodeHeapSize                   = 5839372                                {pd product} {ergonomic}
    uintx NonProfiledCodeHeapSize                  = 122909434                              {pd product} {ergonomic}
    uintx ProfiledCodeHeapSize                     = 122909434                              {pd product} {ergonomic}
    uintx ReservedCodeCacheSize                    = 251658240                              {pd product} {ergonomic}
     bool SegmentedCodeCache                       = true                                      {product} {ergonomic}
   size_t SoftMaxHeapSize                          = 2105540608                             {manageable} {ergonomic}
     bool UseCompressedClassPointers               = true                           {product lp64_product} {ergonomic}
     bool UseCompressedOops                        = true                           {product lp64_product} {ergonomic}
     bool UseG1GC                                  = true                                      {product} {ergonomic}
     bool UseLargePagesIndividualAllocation        = false                                  {pd product} {ergonomic}

Logging:
Log output configuration:
 #0: stdout all=warning uptime,level,tags
 #1: stderr all=off uptime,level,tags

Environment Variables:
JAVA_HOME=C:\Program Files\Java\jdk-17\
CLASSPATH=C:\Users\Virat\WSApp\android\\gradle\wrapper\gradle-wrapper.jar
PATH=C:\Users\Virat\WSApp\node_modules\.bin;C:\Users\Virat\WSApp\node_modules\.bin;C:\Users\Virat\node_modules\.bin;C:\Users\node_modules\.bin;C:\node_modules\.bin;C:\Program Files\nodejs\node_modules\npm\node_modules\@npmcli\run-script\lib\node-gyp-bin;C:\Users\Virat\WSApp\node_modules\.bin;C:\Users\Virat\node_modules\.bin;C:\Users\node_modules\.bin;C:\node_modules\.bin;C:\Program Files\nodejs\node_modules\npm\node_modules\@npmcli\run-script\lib\node-gyp-bin;C:\Program Files\nodejs;C:\Program Files (x86)\dotnet\;C:\Users\Virat\AppData\Local\Android\Sdk\tools;C:\Users\Virat\AppData\Local\Microsoft\WindowsApps;C:\Users\Virat\AppData\Local\Programs\Microsoft VS Code\bin;C:\Users\Virat\AppData\Roaming\npm;C:\Program Files\MongoDB\Server\7.0\bin;C:\Program Files\Java\jdk-17\;C:\Program Files\nodejs;C:\Program Files\Git\bin;
USERNAME=Virat
LANG=en_US.UTF-8
OS=Windows_NT
PROCESSOR_IDENTIFIER=Intel64 Family 6 Model 142 Stepping 12, GenuineIntel



---------------  S Y S T E M  ---------------

OS:
 Windows 11 , 64 bit Build 22621 (10.0.22621.3672)
OS uptime: 2 days 17:04 hours

CPU: total 8 (initial active 8) (4 cores per cpu, 2 threads per core) family 6 model 142 stepping 12 microcode 0xea, cx8, cmov, fxsr, ht, mmx, 3dnowpref, sse, sse2, sse3, ssse3, sse4.1, sse4.2, popcnt, lzcnt, tsc, tscinvbit, avx, avx2, aes, erms, clmul, bmi1, bmi2, adx, fma, vzeroupper, clflush, clflushopt

Memory: 4k page, system-wide physical 8025M (181M free)
TotalPageFile size 32601M (AvailPageFile size 50M)
current process WorkingSet (physical memory assigned to process): 11M, peak: 11M
current process commit charge ("private bytes"): 60M, peak: 186M

vm_info: Java HotSpot(TM) 64-Bit Server VM (17.0.9+11-LTS-201) for windows-amd64 JRE (17.0.9+11-LTS-201), built on Oct 10 2023 23:16:06 by "mach5one" with MS VC++ 17.1 (VS2022)

END.
